2025-04-05 04:33:12.886: [INFO] VisibilityChanged: 0
2025-04-05 04:33:12.928: [INFO] RecordSyncInitDuration has_sync_been_enabled: 0 state: 0
2025-04-05 04:33:12.928: [INFO] RecordSyncInitDuration has_sync_been_enabled: 0 state: 0
2025-04-05 04:33:12.929: [INFO] RecordSyncInitDuration has_sync_been_enabled: 0 state: 0
2025-04-05 04:33:12.929: [INFO] RecordSyncInitDuration has_sync_been_enabled: 0 state: 0
2025-04-05 04:33:12.929: [INFO] RecordSyncInitDuration has_sync_been_enabled: 0 state: 0
2025-04-05 04:33:12.929: [INFO] RecordSyncInitDuration has_sync_been_enabled: 0 state: 0
2025-04-05 04:33:12.930: [INFO] RecordSyncInitDuration has_sync_been_enabled: 0 state: 0
2025-04-05 04:33:12.930: [INFO] RecordSyncInitDuration has_sync_been_enabled: 0 state: 0
2025-04-05 04:33:12.930: [INFO] RecordSyncInitDuration has_sync_been_enabled: 0 state: 0
2025-04-05 04:33:12.930: [INFO] RecordSyncInitDuration has_sync_been_enabled: 0 state: 0
2025-04-05 04:33:12.930: [INFO] RecordSyncInitDuration has_sync_been_enabled: 0 state: 0
2025-04-05 04:33:12.941: [INFO] BookmarkModelLoaded, ids_reassigned: 0
2025-04-05 04:33:12.941: [INFO] OnDoneLoading sync enabled: 0
2025-04-05 04:33:12.946: [INFO] RecordSyncInitDuration has_sync_been_enabled: 0 state: 0
2025-04-05 04:33:13.070: [INFO] RecordSyncInitDuration has_sync_been_enabled: 0 state: 3
2025-04-05 04:33:13.073: [INFO] Primary account changed.
2025-04-05 04:33:13.073: [INFO] OnPrimaryAccountChanged PrimaryAccountChangeEvent::Type::kSet
2025-04-05 04:33:13.075: [INFO] RecordSyncInitDuration has_sync_been_enabled: 0 state: 3
2025-04-05 04:33:15.615: [INFO] BookmarkNodeAdded, ABU: 0
2025-04-05 04:33:15.616: [INFO] BookmarkNodeAdded, ABU: 0
2025-04-05 04:33:15.616: [INFO] BookmarkNodeAdded, ABU: 0
2025-04-05 04:33:15.616: [INFO] BookmarkNodeAdded, ABU: 0
2025-04-05 04:33:15.616: [INFO] BookmarkNodeAdded, ABU: 0
2025-04-05 04:33:15.616: [INFO] BookmarkNodeAdded, ABU: 0
2025-04-05 04:33:15.616: [INFO] BookmarkNodeAdded, ABU: 0
2025-04-05 04:33:15.616: [INFO] BookmarkNodeAdded, ABU: 0
2025-04-05 04:33:15.616: [INFO] BookmarkNodeAdded, ABU: 0
2025-04-05 04:33:15.616: [INFO] BookmarkNodeAdded, ABU: 0
2025-04-05 04:33:15.617: [INFO] BookmarkNodeAdded, ABU: 0
2025-04-05 04:33:15.617: [INFO] BookmarkNodeAdded, ABU: 0
2025-04-05 04:33:15.617: [INFO] BookmarkNodeAdded, ABU: 0
2025-04-05 04:33:19.919: [INFO] VisibilityChanged: 1
2025-04-05 04:33:21.473: [INFO] BookmarkNodeAdded, ABU: 0
2025-04-05 04:33:21.473: [INFO] Remove, DeletionOrigin: 19
2025-04-05 04:33:21.473: [INFO] BookmarkNodeRemoved, Url: 1, IsFolder: 0, IsWorkspace: 0
2025-04-05 04:33:21.474: [INFO] BookmarkNodeAdded, ABU: 0
2025-04-05 04:33:21.474: [INFO] BookmarkNodeAdded, ABU: 0
2025-04-05 04:33:21.474: [INFO] BookmarkNodeAdded, ABU: 0
2025-04-05 04:33:21.474: [INFO] BookmarkNodeAdded, ABU: 0
2025-04-05 04:33:21.474: [INFO] BookmarkNodeAdded, ABU: 0
2025-04-05 04:33:21.474: [INFO] BookmarkNodeAdded, ABU: 0
2025-04-05 04:33:21.474: [INFO] BookmarkNodeAdded, ABU: 0
2025-04-05 04:33:21.474: [INFO] BookmarkNodeAdded, ABU: 0
2025-04-05 04:33:21.474: [INFO] BookmarkNodeAdded, ABU: 0
2025-04-05 04:33:21.474: [INFO] BookmarkNodeAdded, ABU: 0
2025-04-05 04:33:21.474: [INFO] BookmarkNodeAdded, ABU: 0
2025-04-05 04:33:21.474: [INFO] BookmarkNodeAdded, ABU: 0
2025-04-05 04:33:21.475: [INFO] BookmarkNodeAdded, ABU: 0
2025-04-05 04:33:21.475: [INFO] BookmarkNodeAdded, ABU: 0
2025-04-05 04:33:21.475: [INFO] BookmarkNodeAdded, ABU: 0
2025-04-05 04:33:21.475: [INFO] BookmarkNodeAdded, ABU: 0
2025-04-05 04:33:21.475: [INFO] BookmarkNodeAdded, ABU: 0
2025-04-05 04:33:21.475: [INFO] BookmarkNodeAdded, ABU: 0
2025-04-05 04:33:21.475: [INFO] BookmarkNodeAdded, ABU: 0
2025-04-05 04:33:21.475: [INFO] BookmarkNodeAdded, ABU: 0
2025-04-05 04:33:21.475: [INFO] BookmarkNodeAdded, ABU: 0
2025-04-05 04:33:21.475: [INFO] BookmarkNodeAdded, ABU: 0
2025-04-05 04:33:21.475: [INFO] BookmarkNodeAdded, ABU: 0
2025-04-05 04:33:21.475: [INFO] BookmarkNodeAdded, ABU: 0
2025-04-05 04:33:21.475: [INFO] BookmarkNodeAdded, ABU: 0
2025-04-05 04:33:21.475: [INFO] BookmarkNodeAdded, ABU: 0
2025-04-05 04:33:21.476: [INFO] BookmarkNodeAdded, ABU: 0
2025-04-05 04:33:21.476: [INFO] BookmarkNodeAdded, ABU: 0
2025-04-05 04:33:21.476: [INFO] BookmarkNodeAdded, ABU: 0
2025-04-05 04:33:21.476: [INFO] BookmarkNodeAdded, ABU: 0
2025-04-05 04:33:21.476: [INFO] BookmarkNodeAdded, ABU: 0
2025-04-05 04:33:21.476: [INFO] BookmarkNodeAdded, ABU: 0
2025-04-05 04:33:21.476: [INFO] BookmarkNodeAdded, ABU: 0
2025-04-05 04:33:21.476: [INFO] BookmarkNodeAdded, ABU: 0
2025-04-05 04:33:21.476: [INFO] BookmarkNodeAdded, ABU: 0
2025-04-05 04:33:21.476: [INFO] BookmarkNodeAdded, ABU: 0
2025-04-05 04:33:21.476: [INFO] BookmarkNodeAdded, ABU: 0
2025-04-05 04:33:21.476: [INFO] BookmarkNodeAdded, ABU: 0
2025-04-05 04:33:21.476: [INFO] BookmarkNodeAdded, ABU: 0
2025-04-05 04:33:21.476: [INFO] BookmarkNodeAdded, ABU: 0
2025-04-05 04:33:21.476: [INFO] BookmarkNodeAdded, ABU: 0
2025-04-05 04:33:21.476: [INFO] BookmarkNodeAdded, ABU: 0
2025-04-05 04:33:21.476: [INFO] BookmarkNodeAdded, ABU: 0
2025-04-05 04:33:21.477: [INFO] BookmarkNodeAdded, ABU: 0
2025-04-05 04:33:21.477: [INFO] BookmarkNodeAdded, ABU: 0
2025-04-05 04:33:21.477: [INFO] BookmarkNodeAdded, ABU: 0
2025-04-05 04:33:21.477: [INFO] BookmarkNodeAdded, ABU: 0
2025-04-05 04:33:21.478: [INFO] BookmarkNodeAdded, ABU: 0
2025-04-05 04:33:21.479: [INFO] BookmarkNodeAdded, ABU: 0
2025-04-05 04:33:21.479: [INFO] BookmarkNodeAdded, ABU: 0
2025-04-05 04:33:21.480: [INFO] BookmarkNodeAdded, ABU: 0
2025-04-05 04:33:21.480: [INFO] BookmarkNodeAdded, ABU: 0
2025-04-05 04:33:21.481: [INFO] BookmarkNodeAdded, ABU: 0
2025-04-05 04:33:21.481: [INFO] BookmarkNodeAdded, ABU: 0
2025-04-05 04:33:21.482: [INFO] BookmarkNodeAdded, ABU: 0
2025-04-05 04:33:21.483: [INFO] BookmarkNodeAdded, ABU: 0
2025-04-05 04:33:21.484: [INFO] BookmarkNodeAdded, ABU: 0
2025-04-05 04:33:21.484: [INFO] BookmarkNodeAdded, ABU: 0
2025-04-05 04:33:21.485: [INFO] BookmarkNodeAdded, ABU: 0
2025-04-05 04:33:21.486: [INFO] BookmarkNodeAdded, ABU: 0
2025-04-05 04:33:21.487: [INFO] BookmarkNodeAdded, ABU: 0
2025-04-05 04:33:21.488: [INFO] BookmarkNodeAdded, ABU: 0
2025-04-05 04:33:21.488: [INFO] BookmarkNodeAdded, ABU: 0
2025-04-05 04:33:21.489: [INFO] BookmarkNodeAdded, ABU: 0
2025-04-05 04:33:21.490: [INFO] BookmarkNodeAdded, ABU: 0
2025-04-05 04:33:21.490: [INFO] BookmarkNodeAdded, ABU: 0
2025-04-05 04:33:21.491: [INFO] BookmarkNodeAdded, ABU: 0
2025-04-05 04:33:21.491: [INFO] BookmarkNodeAdded, ABU: 0
2025-04-05 04:33:21.491: [INFO] BookmarkNodeAdded, ABU: 0
2025-04-05 04:33:21.491: [INFO] BookmarkNodeAdded, ABU: 0
2025-04-05 04:33:21.491: [INFO] BookmarkNodeAdded, ABU: 0
2025-04-05 04:33:21.491: [INFO] BookmarkNodeAdded, ABU: 0
2025-04-05 04:33:21.491: [INFO] BookmarkNodeAdded, ABU: 0
2025-04-05 04:33:21.491: [INFO] BookmarkNodeAdded, ABU: 0
2025-04-05 04:33:21.491: [INFO] BookmarkNodeAdded, ABU: 0
2025-04-05 04:33:21.492: [INFO] BookmarkNodeAdded, ABU: 0
2025-04-05 04:33:21.492: [INFO] BookmarkNodeAdded, ABU: 0
2025-04-05 04:33:21.492: [INFO] BookmarkNodeAdded, ABU: 0
2025-04-05 04:33:21.492: [INFO] BookmarkNodeAdded, ABU: 0
2025-04-05 04:33:21.492: [INFO] BookmarkNodeAdded, ABU: 0
2025-04-05 04:33:21.492: [INFO] BookmarkNodeAdded, ABU: 0
2025-04-05 04:33:21.492: [INFO] BookmarkNodeAdded, ABU: 0
2025-04-05 04:33:21.492: [INFO] BookmarkNodeAdded, ABU: 0
2025-04-05 04:33:21.492: [INFO] BookmarkNodeAdded, ABU: 0
2025-04-05 04:33:21.492: [INFO] BookmarkNodeAdded, ABU: 0
2025-04-05 04:33:21.492: [INFO] BookmarkNodeAdded, ABU: 0
2025-04-05 04:33:21.492: [INFO] BookmarkNodeAdded, ABU: 0
2025-04-05 04:33:21.492: [INFO] BookmarkNodeAdded, ABU: 0
2025-04-05 04:33:21.493: [INFO] BookmarkNodeAdded, ABU: 0
2025-04-05 04:33:21.493: [INFO] BookmarkNodeAdded, ABU: 0
2025-04-05 04:33:21.493: [INFO] BookmarkNodeAdded, ABU: 0
2025-04-05 04:33:21.493: [INFO] BookmarkNodeAdded, ABU: 0
2025-04-05 04:33:21.493: [INFO] BookmarkNodeAdded, ABU: 0
2025-04-05 04:33:21.493: [INFO] BookmarkNodeAdded, ABU: 0
2025-04-05 04:33:21.493: [INFO] BookmarkNodeAdded, ABU: 0
2025-04-05 04:33:21.493: [INFO] BookmarkNodeAdded, ABU: 0
2025-04-05 04:33:21.493: [INFO] BookmarkNodeAdded, ABU: 0
2025-04-05 04:33:21.493: [INFO] BookmarkNodeAdded, ABU: 0
2025-04-05 04:33:21.493: [INFO] BookmarkNodeAdded, ABU: 0
2025-04-05 04:33:21.493: [INFO] BookmarkNodeAdded, ABU: 0
2025-04-05 04:33:21.494: [INFO] BookmarkNodeAdded, ABU: 0
2025-04-05 04:33:21.494: [INFO] BookmarkNodeAdded, ABU: 0
2025-04-05 04:33:21.494: [INFO] BookmarkNodeAdded, ABU: 0
2025-04-05 04:33:21.494: [INFO] BookmarkNodeAdded, ABU: 0
2025-04-05 04:33:21.494: [INFO] BookmarkNodeAdded, ABU: 0
2025-04-05 04:33:21.494: [INFO] BookmarkNodeAdded, ABU: 0
2025-04-05 04:33:21.494: [INFO] BookmarkNodeAdded, ABU: 0
2025-04-05 04:33:21.494: [INFO] BookmarkNodeAdded, ABU: 0
2025-04-05 04:33:21.494: [INFO] BookmarkNodeAdded, ABU: 0
2025-04-05 04:33:21.494: [INFO] BookmarkNodeAdded, ABU: 0
2025-04-05 04:33:21.494: [INFO] BookmarkNodeAdded, ABU: 0
2025-04-05 04:33:21.494: [INFO] BookmarkNodeAdded, ABU: 0
2025-04-05 04:33:21.494: [INFO] BookmarkNodeAdded, ABU: 0
2025-04-05 04:33:21.494: [INFO] BookmarkNodeAdded, ABU: 0
2025-04-05 04:33:21.494: [INFO] BookmarkNodeAdded, ABU: 0
2025-04-05 04:33:21.495: [INFO] BookmarkNodeAdded, ABU: 0
2025-04-05 04:33:21.495: [INFO] BookmarkNodeAdded, ABU: 0
2025-04-05 04:33:21.495: [INFO] BookmarkNodeAdded, ABU: 0
2025-04-05 04:33:21.495: [INFO] BookmarkNodeAdded, ABU: 0
2025-04-05 04:33:21.495: [INFO] BookmarkNodeAdded, ABU: 0
2025-04-05 04:33:21.495: [INFO] BookmarkNodeAdded, ABU: 0
2025-04-05 04:33:21.495: [INFO] BookmarkNodeAdded, ABU: 0
2025-04-05 04:33:21.495: [INFO] BookmarkNodeAdded, ABU: 0
2025-04-05 04:33:21.495: [INFO] BookmarkNodeAdded, ABU: 0
2025-04-05 04:33:21.495: [INFO] BookmarkNodeAdded, ABU: 0
2025-04-05 04:33:21.495: [INFO] BookmarkNodeAdded, ABU: 0
2025-04-05 04:33:21.495: [INFO] BookmarkNodeAdded, ABU: 0
2025-04-05 04:33:21.495: [INFO] BookmarkNodeAdded, ABU: 0
2025-04-05 04:33:21.495: [INFO] BookmarkNodeAdded, ABU: 0
2025-04-05 04:33:21.495: [INFO] BookmarkNodeAdded, ABU: 0
2025-04-05 04:33:21.495: [INFO] BookmarkNodeAdded, ABU: 0
2025-04-05 04:33:21.495: [INFO] BookmarkNodeAdded, ABU: 0
2025-04-05 04:33:21.496: [INFO] BookmarkNodeAdded, ABU: 0
2025-04-05 04:33:21.496: [INFO] BookmarkNodeAdded, ABU: 0
2025-04-05 04:33:21.496: [INFO] BookmarkNodeAdded, ABU: 0
2025-04-05 04:33:21.496: [INFO] BookmarkNodeAdded, ABU: 0
2025-04-05 04:33:21.496: [INFO] BookmarkNodeAdded, ABU: 0
2025-04-05 04:33:21.496: [INFO] BookmarkNodeAdded, ABU: 0
2025-04-05 04:33:21.496: [INFO] BookmarkNodeAdded, ABU: 0
2025-04-05 04:33:21.496: [INFO] BookmarkNodeAdded, ABU: 0
2025-04-05 04:33:21.497: [INFO] BookmarkNodeAdded, ABU: 0
2025-04-05 04:33:21.497: [INFO] BookmarkNodeAdded, ABU: 0
2025-04-05 04:33:21.497: [INFO] BookmarkNodeAdded, ABU: 0
2025-04-05 04:33:21.498: [INFO] BookmarkNodeAdded, ABU: 0
2025-04-05 04:33:21.498: [INFO] BookmarkNodeAdded, ABU: 0
2025-04-05 04:33:21.498: [INFO] BookmarkNodeAdded, ABU: 0
2025-04-05 04:33:21.498: [INFO] BookmarkNodeAdded, ABU: 0
2025-04-05 04:33:21.498: [INFO] BookmarkNodeAdded, ABU: 0
2025-04-05 04:33:21.498: [INFO] BookmarkNodeAdded, ABU: 0
2025-04-05 04:33:21.498: [INFO] BookmarkNodeAdded, ABU: 0
2025-04-05 04:33:21.498: [INFO] BookmarkNodeAdded, ABU: 0
2025-04-05 04:33:21.498: [INFO] BookmarkNodeAdded, ABU: 0
2025-04-05 04:33:21.499: [INFO] BookmarkNodeAdded, ABU: 0
2025-04-05 04:33:21.499: [INFO] BookmarkNodeAdded, ABU: 0
2025-04-05 04:33:21.499: [INFO] BookmarkNodeAdded, ABU: 0
2025-04-05 04:33:21.499: [INFO] BookmarkNodeAdded, ABU: 0
2025-04-05 04:33:21.499: [INFO] BookmarkNodeAdded, ABU: 0
2025-04-05 04:33:21.499: [INFO] BookmarkNodeAdded, ABU: 0
2025-04-05 04:33:21.499: [INFO] BookmarkNodeAdded, ABU: 0
2025-04-05 04:33:21.499: [INFO] BookmarkNodeAdded, ABU: 0
2025-04-05 04:33:21.499: [INFO] BookmarkNodeAdded, ABU: 0
2025-04-05 04:33:21.499: [INFO] BookmarkNodeAdded, ABU: 0
2025-04-05 04:33:21.499: [INFO] BookmarkNodeAdded, ABU: 0
2025-04-05 04:33:21.499: [INFO] BookmarkNodeAdded, ABU: 0
2025-04-05 04:33:21.499: [INFO] BookmarkNodeAdded, ABU: 0
2025-04-05 04:33:21.499: [INFO] BookmarkNodeAdded, ABU: 0
2025-04-05 04:33:21.499: [INFO] BookmarkNodeAdded, ABU: 0
2025-04-05 04:33:21.500: [INFO] BookmarkNodeAdded, ABU: 0
2025-04-05 04:33:21.500: [INFO] BookmarkNodeAdded, ABU: 0
2025-04-05 04:33:21.500: [INFO] BookmarkNodeAdded, ABU: 0
2025-04-05 04:33:21.500: [INFO] BookmarkNodeAdded, ABU: 0
2025-04-05 04:33:21.500: [INFO] BookmarkNodeAdded, ABU: 0
2025-04-05 04:33:21.500: [INFO] BookmarkNodeAdded, ABU: 0
2025-04-05 04:33:21.500: [INFO] BookmarkNodeAdded, ABU: 0
2025-04-05 04:33:21.500: [INFO] BookmarkNodeAdded, ABU: 0
2025-04-05 04:33:21.501: [INFO] BookmarkNodeAdded, ABU: 0
2025-04-05 04:33:21.501: [INFO] BookmarkNodeAdded, ABU: 0
2025-04-05 04:33:21.501: [INFO] BookmarkNodeAdded, ABU: 0
2025-04-05 04:33:21.501: [INFO] BookmarkNodeAdded, ABU: 0
2025-04-05 04:33:21.501: [INFO] BookmarkNodeAdded, ABU: 0
2025-04-05 04:33:21.501: [INFO] BookmarkNodeAdded, ABU: 0
2025-04-05 04:33:21.501: [INFO] BookmarkNodeAdded, ABU: 0
2025-04-05 04:33:21.501: [INFO] BookmarkNodeAdded, ABU: 0
2025-04-05 04:33:21.501: [INFO] BookmarkNodeAdded, ABU: 0
2025-04-05 04:33:21.501: [INFO] BookmarkNodeAdded, ABU: 0
2025-04-05 04:33:21.501: [INFO] BookmarkNodeAdded, ABU: 0
2025-04-05 04:33:21.502: [INFO] BookmarkNodeAdded, ABU: 0
2025-04-05 04:33:21.502: [INFO] BookmarkNodeAdded, ABU: 0
2025-04-05 04:33:21.502: [INFO] BookmarkNodeAdded, ABU: 0
2025-04-05 04:33:21.502: [INFO] BookmarkNodeAdded, ABU: 0
2025-04-05 04:33:21.502: [INFO] BookmarkNodeAdded, ABU: 0
2025-04-05 04:33:21.502: [INFO] BookmarkNodeAdded, ABU: 0
2025-04-05 04:33:21.502: [INFO] BookmarkNodeAdded, ABU: 0
2025-04-05 04:33:21.502: [INFO] BookmarkNodeAdded, ABU: 0
2025-04-05 04:33:21.503: [INFO] BookmarkNodeAdded, ABU: 0
2025-04-05 04:33:21.503: [INFO] BookmarkNodeAdded, ABU: 0
2025-04-05 04:33:21.503: [INFO] BookmarkNodeAdded, ABU: 0
2025-04-05 04:33:21.503: [INFO] BookmarkNodeAdded, ABU: 0
2025-04-05 04:33:21.503: [INFO] BookmarkNodeAdded, ABU: 0
2025-04-05 04:33:21.503: [INFO] BookmarkNodeAdded, ABU: 0
2025-04-05 04:33:21.503: [INFO] BookmarkNodeAdded, ABU: 0
2025-04-05 04:33:21.504: [INFO] BookmarkNodeAdded, ABU: 0
2025-04-05 04:33:21.504: [INFO] BookmarkNodeAdded, ABU: 0
2025-04-05 04:33:21.504: [INFO] BookmarkNodeAdded, ABU: 0
2025-04-05 04:33:21.504: [INFO] BookmarkNodeAdded, ABU: 0
2025-04-05 04:33:21.504: [INFO] BookmarkNodeAdded, ABU: 0
2025-04-05 04:33:21.504: [INFO] BookmarkNodeAdded, ABU: 0
2025-04-05 04:33:21.504: [INFO] BookmarkNodeAdded, ABU: 0
2025-04-05 04:33:21.505: [INFO] BookmarkNodeAdded, ABU: 0
2025-04-05 04:33:21.506: [INFO] BookmarkNodeAdded, ABU: 0
2025-04-05 04:33:21.506: [INFO] BookmarkNodeAdded, ABU: 0
2025-04-05 04:33:21.506: [INFO] BookmarkNodeAdded, ABU: 0
2025-04-05 04:33:21.506: [INFO] BookmarkNodeAdded, ABU: 0
2025-04-05 04:33:21.506: [INFO] BookmarkNodeAdded, ABU: 0
2025-04-05 04:33:21.506: [INFO] BookmarkNodeAdded, ABU: 0
2025-04-05 04:33:21.506: [INFO] BookmarkNodeAdded, ABU: 0
2025-04-05 04:33:21.506: [INFO] BookmarkNodeAdded, ABU: 0
2025-04-05 04:33:21.506: [INFO] BookmarkNodeAdded, ABU: 0
2025-04-05 04:33:21.506: [INFO] BookmarkNodeAdded, ABU: 0
2025-04-05 04:33:21.506: [INFO] BookmarkNodeAdded, ABU: 0
2025-04-05 04:33:21.506: [INFO] BookmarkNodeAdded, ABU: 0
2025-04-05 04:33:21.506: [INFO] BookmarkNodeAdded, ABU: 0
2025-04-05 04:33:21.506: [INFO] BookmarkNodeAdded, ABU: 0
2025-04-05 04:33:21.507: [INFO] BookmarkNodeAdded, ABU: 0
2025-04-05 04:33:21.507: [INFO] BookmarkNodeAdded, ABU: 0
2025-04-05 04:33:21.507: [INFO] BookmarkNodeAdded, ABU: 0
2025-04-05 04:33:21.507: [INFO] BookmarkNodeAdded, ABU: 0
2025-04-05 04:33:21.507: [INFO] BookmarkNodeAdded, ABU: 0
2025-04-05 04:33:21.507: [INFO] BookmarkNodeAdded, ABU: 0
2025-04-05 04:33:21.507: [INFO] BookmarkNodeAdded, ABU: 0
2025-04-05 04:33:21.507: [INFO] BookmarkNodeAdded, ABU: 0
2025-04-05 04:33:21.507: [INFO] BookmarkNodeAdded, ABU: 0
2025-04-05 04:33:21.507: [INFO] BookmarkNodeAdded, ABU: 0
2025-04-05 04:33:21.507: [INFO] BookmarkNodeAdded, ABU: 0
2025-04-05 04:33:21.507: [INFO] BookmarkNodeAdded, ABU: 0
2025-04-05 04:33:21.508: [INFO] BookmarkNodeAdded, ABU: 0
2025-04-05 04:33:21.509: [INFO] BookmarkNodeAdded, ABU: 0
2025-04-05 04:33:21.509: [INFO] BookmarkNodeAdded, ABU: 0
2025-04-05 04:33:21.509: [INFO] BookmarkNodeAdded, ABU: 0
2025-04-05 04:33:21.510: [INFO] BookmarkNodeAdded, ABU: 0
2025-04-05 04:33:21.510: [INFO] BookmarkNodeAdded, ABU: 0
2025-04-05 04:33:21.510: [INFO] BookmarkNodeAdded, ABU: 0
2025-04-05 04:33:21.510: [INFO] BookmarkNodeAdded, ABU: 0
2025-04-05 04:33:21.510: [INFO] BookmarkNodeAdded, ABU: 0
2025-04-05 04:33:21.510: [INFO] BookmarkNodeAdded, ABU: 0
2025-04-05 04:33:21.510: [INFO] BookmarkNodeAdded, ABU: 0
2025-04-05 04:33:21.510: [INFO] BookmarkNodeAdded, ABU: 0
2025-04-05 04:33:21.510: [INFO] BookmarkNodeAdded, ABU: 0
2025-04-05 04:33:21.510: [INFO] BookmarkNodeAdded, ABU: 0
2025-04-05 04:33:21.510: [INFO] BookmarkNodeAdded, ABU: 0
2025-04-05 04:33:21.510: [INFO] BookmarkNodeAdded, ABU: 0
2025-04-05 04:33:21.510: [INFO] BookmarkNodeAdded, ABU: 0
2025-04-05 04:33:21.511: [INFO] BookmarkNodeAdded, ABU: 0
2025-04-05 04:33:21.511: [INFO] BookmarkNodeAdded, ABU: 0
2025-04-05 04:33:21.511: [INFO] BookmarkNodeAdded, ABU: 0
2025-04-05 04:33:21.511: [INFO] BookmarkNodeAdded, ABU: 0
2025-04-05 04:33:21.511: [INFO] BookmarkNodeAdded, ABU: 0
2025-04-05 04:33:21.511: [INFO] BookmarkNodeAdded, ABU: 0
2025-04-05 04:33:21.511: [INFO] BookmarkNodeAdded, ABU: 0
2025-04-05 04:33:21.511: [INFO] BookmarkNodeAdded, ABU: 0
2025-04-05 04:33:21.511: [INFO] BookmarkNodeAdded, ABU: 0
2025-04-05 04:33:21.511: [INFO] BookmarkNodeAdded, ABU: 0
2025-04-05 04:33:21.512: [INFO] BookmarkNodeAdded, ABU: 0
2025-04-05 04:33:21.513: [INFO] BookmarkNodeAdded, ABU: 0
2025-04-05 04:33:21.514: [INFO] BookmarkNodeAdded, ABU: 0
2025-04-05 04:33:21.515: [INFO] BookmarkNodeAdded, ABU: 0
2025-04-05 04:33:21.515: [INFO] BookmarkNodeAdded, ABU: 0
2025-04-05 04:33:21.515: [INFO] Remove, DeletionOrigin: 19
2025-04-05 04:33:21.515: [INFO] BookmarkNodeRemoved, Url: 1, IsFolder: 0, IsWorkspace: 0
2025-04-05 04:33:21.516: [INFO] BookmarkNodeAdded, ABU: 0
2025-04-05 04:33:21.516: [INFO] Remove, DeletionOrigin: 19
2025-04-05 04:33:21.516: [INFO] BookmarkNodeRemoved, Url: 1, IsFolder: 0, IsWorkspace: 0
2025-04-05 04:33:21.517: [INFO] BookmarkNodeAdded, ABU: 0
2025-04-05 04:33:21.517: [INFO] Remove, DeletionOrigin: 19
2025-04-05 04:33:21.517: [INFO] BookmarkNodeRemoved, Url: 1, IsFolder: 0, IsWorkspace: 0
2025-04-05 04:33:21.517: [INFO] BookmarkNodeAdded, ABU: 0
2025-04-05 04:33:21.517: [INFO] Remove, DeletionOrigin: 19
2025-04-05 04:33:21.517: [INFO] BookmarkNodeRemoved, Url: 1, IsFolder: 0, IsWorkspace: 0
2025-04-05 04:33:21.518: [INFO] BookmarkNodeAdded, ABU: 0
2025-04-05 04:33:21.518: [INFO] BookmarkNodeMoved
2025-04-05 04:33:21.518: [INFO] BookmarkNodeMoved
2025-04-05 04:33:21.518: [INFO] BookmarkNodeMoved
2025-04-05 04:33:21.518: [INFO] BookmarkNodeMoved
2025-04-05 04:33:21.518: [INFO] BookmarkNodeMoved
2025-04-05 04:33:21.518: [INFO] ReorderChildren, Url: 0, IsFolder: 1, IsWorkspace: 0
2025-04-05 04:33:21.518: [INFO] Remove, DeletionOrigin: 19
2025-04-05 04:33:21.518: [INFO] BookmarkNodeRemoved, Url: 0, IsFolder: 1, IsWorkspace: 0
2025-04-05 04:33:21.518: [INFO] BookmarkNodeAdded, ABU: 0
2025-04-05 04:33:21.518: [INFO] Remove, DeletionOrigin: 19
2025-04-05 04:33:21.518: [INFO] BookmarkNodeRemoved, Url: 1, IsFolder: 0, IsWorkspace: 0
2025-04-05 04:33:21.519: [INFO] BookmarkNodeAdded, ABU: 0
2025-04-05 04:33:21.519: [INFO] Remove, DeletionOrigin: 19
2025-04-05 04:33:21.519: [INFO] BookmarkNodeRemoved, Url: 1, IsFolder: 0, IsWorkspace: 0
2025-04-05 04:33:21.519: [INFO] BookmarkNodeAdded, ABU: 0
2025-04-05 04:33:21.519: [INFO] Remove, DeletionOrigin: 19
2025-04-05 04:33:21.519: [INFO] BookmarkNodeRemoved, Url: 1, IsFolder: 0, IsWorkspace: 0
2025-04-05 04:33:21.519: [INFO] BookmarkNodeAdded, ABU: 0
2025-04-05 04:33:21.519: [INFO] Remove, DeletionOrigin: 19
2025-04-05 04:33:21.519: [INFO] BookmarkNodeRemoved, Url: 1, IsFolder: 0, IsWorkspace: 0
2025-04-05 04:33:21.519: [INFO] BookmarkNodeAdded, ABU: 0
2025-04-05 04:33:21.519: [INFO] Remove, DeletionOrigin: 19
2025-04-05 04:33:21.519: [INFO] BookmarkNodeRemoved, Url: 1, IsFolder: 0, IsWorkspace: 0
2025-04-05 04:33:21.521: [INFO] BookmarkNodeAdded, ABU: 0
2025-04-05 04:33:21.521: [INFO] Remove, DeletionOrigin: 19
2025-04-05 04:33:21.521: [INFO] BookmarkNodeRemoved, Url: 1, IsFolder: 0, IsWorkspace: 0
2025-04-05 04:33:21.522: [INFO] BookmarkNodeAdded, ABU: 0
2025-04-05 04:33:21.522: [INFO] Remove, DeletionOrigin: 19
2025-04-05 04:33:21.522: [INFO] BookmarkNodeRemoved, Url: 1, IsFolder: 0, IsWorkspace: 0
2025-04-05 04:33:21.522: [INFO] BookmarkNodeAdded, ABU: 0
2025-04-05 04:33:21.522: [INFO] BookmarkNodeAdded, ABU: 0
2025-04-05 04:33:21.522: [INFO] BookmarkNodeAdded, ABU: 0
2025-04-05 04:33:21.522: [INFO] BookmarkNodeAdded, ABU: 0
2025-04-05 04:33:21.522: [INFO] BookmarkNodeAdded, ABU: 0
2025-04-05 04:33:21.523: [INFO] BookmarkNodeAdded, ABU: 0
2025-04-05 04:33:21.523: [INFO] BookmarkNodeAdded, ABU: 0
2025-04-05 04:33:21.523: [INFO] BookmarkNodeAdded, ABU: 0
2025-04-05 04:33:21.523: [INFO] BookmarkNodeAdded, ABU: 0
2025-04-05 04:33:21.523: [INFO] BookmarkNodeAdded, ABU: 0
2025-04-05 04:33:21.523: [INFO] BookmarkNodeAdded, ABU: 0
2025-04-05 04:33:21.523: [INFO] BookmarkNodeAdded, ABU: 0
2025-04-05 04:33:21.523: [INFO] BookmarkNodeAdded, ABU: 0
2025-04-05 04:33:21.523: [INFO] BookmarkNodeAdded, ABU: 0
2025-04-05 04:33:21.523: [INFO] BookmarkNodeAdded, ABU: 0
2025-04-05 04:33:21.524: [INFO] BookmarkNodeAdded, ABU: 0
2025-04-05 04:33:21.524: [INFO] BookmarkNodeAdded, ABU: 0
2025-04-05 04:33:21.524: [INFO] BookmarkNodeAdded, ABU: 0
2025-04-05 04:33:21.524: [INFO] BookmarkNodeAdded, ABU: 0
2025-04-05 04:33:21.524: [INFO] BookmarkNodeAdded, ABU: 0
2025-04-05 04:33:21.524: [INFO] BookmarkNodeAdded, ABU: 0
2025-04-05 04:33:21.524: [INFO] BookmarkNodeAdded, ABU: 0
2025-04-05 04:33:21.524: [INFO] BookmarkNodeAdded, ABU: 0
2025-04-05 04:33:21.524: [INFO] BookmarkNodeAdded, ABU: 0
2025-04-05 04:33:21.524: [INFO] BookmarkNodeAdded, ABU: 0
2025-04-05 04:33:21.524: [INFO] BookmarkNodeAdded, ABU: 0
2025-04-05 04:33:21.524: [INFO] BookmarkNodeAdded, ABU: 0
2025-04-05 04:33:21.524: [INFO] BookmarkNodeAdded, ABU: 0
2025-04-05 04:33:21.525: [INFO] BookmarkNodeAdded, ABU: 0
2025-04-05 04:33:21.525: [INFO] BookmarkNodeAdded, ABU: 0
2025-04-05 04:33:21.525: [INFO] BookmarkNodeAdded, ABU: 0
2025-04-05 04:33:21.525: [INFO] BookmarkNodeAdded, ABU: 0
2025-04-05 04:33:21.525: [INFO] BookmarkNodeAdded, ABU: 0
2025-04-05 04:33:21.525: [INFO] BookmarkNodeAdded, ABU: 0
2025-04-05 04:33:21.525: [INFO] BookmarkNodeAdded, ABU: 0
2025-04-05 04:33:21.525: [INFO] BookmarkNodeAdded, ABU: 0
2025-04-05 04:33:21.525: [INFO] BookmarkNodeAdded, ABU: 0
2025-04-05 04:33:21.525: [INFO] BookmarkNodeAdded, ABU: 0
2025-04-05 04:33:21.525: [INFO] BookmarkNodeAdded, ABU: 0
2025-04-05 04:33:21.525: [INFO] BookmarkNodeAdded, ABU: 0
2025-04-05 04:33:21.525: [INFO] BookmarkNodeAdded, ABU: 0
2025-04-05 04:33:21.525: [INFO] BookmarkNodeAdded, ABU: 0
2025-04-05 04:33:21.526: [INFO] BookmarkNodeAdded, ABU: 0
2025-04-05 04:33:21.526: [INFO] BookmarkNodeAdded, ABU: 0
2025-04-05 04:33:21.526: [INFO] BookmarkNodeAdded, ABU: 0
2025-04-05 04:33:21.526: [INFO] BookmarkNodeAdded, ABU: 0
2025-04-05 04:33:21.526: [INFO] BookmarkNodeAdded, ABU: 0
2025-04-05 04:33:21.526: [INFO] BookmarkNodeAdded, ABU: 0
2025-04-05 04:33:21.526: [INFO] BookmarkNodeAdded, ABU: 0
2025-04-05 04:33:21.526: [INFO] BookmarkNodeAdded, ABU: 0
2025-04-05 04:33:21.526: [INFO] BookmarkNodeAdded, ABU: 0
2025-04-05 04:33:21.526: [INFO] BookmarkNodeAdded, ABU: 0
2025-04-05 04:33:21.526: [INFO] BookmarkNodeAdded, ABU: 0
2025-04-05 04:33:21.526: [INFO] BookmarkNodeAdded, ABU: 0
2025-04-05 04:33:21.526: [INFO] BookmarkNodeAdded, ABU: 0
2025-04-05 04:33:21.527: [INFO] BookmarkNodeAdded, ABU: 0
2025-04-05 04:33:21.527: [INFO] BookmarkNodeAdded, ABU: 0
2025-04-05 04:33:21.527: [INFO] BookmarkNodeAdded, ABU: 0
2025-04-05 04:33:21.527: [INFO] BookmarkNodeAdded, ABU: 0
2025-04-05 04:33:21.527: [INFO] BookmarkNodeAdded, ABU: 0
2025-04-05 04:33:21.527: [INFO] BookmarkNodeAdded, ABU: 0
2025-04-05 04:33:21.527: [INFO] BookmarkNodeAdded, ABU: 0
2025-04-05 04:33:21.527: [INFO] BookmarkNodeAdded, ABU: 0
2025-04-05 04:33:21.527: [INFO] BookmarkNodeAdded, ABU: 0
2025-04-05 04:33:21.527: [INFO] BookmarkNodeAdded, ABU: 0
2025-04-05 04:33:21.527: [INFO] BookmarkNodeAdded, ABU: 0
2025-04-05 04:33:21.527: [INFO] BookmarkNodeAdded, ABU: 0
2025-04-05 04:33:21.527: [INFO] BookmarkNodeAdded, ABU: 0
2025-04-05 04:33:21.527: [INFO] BookmarkNodeAdded, ABU: 0
2025-04-05 04:33:21.527: [INFO] BookmarkNodeAdded, ABU: 0
2025-04-05 04:33:21.527: [INFO] BookmarkNodeAdded, ABU: 0
2025-04-05 04:33:21.528: [INFO] BookmarkNodeAdded, ABU: 0
2025-04-05 04:33:21.528: [INFO] BookmarkNodeAdded, ABU: 0
2025-04-05 04:33:21.528: [INFO] BookmarkNodeAdded, ABU: 0
2025-04-05 04:33:21.528: [INFO] BookmarkNodeAdded, ABU: 0
2025-04-05 04:33:21.528: [INFO] BookmarkNodeAdded, ABU: 0
2025-04-05 04:33:21.528: [INFO] BookmarkNodeAdded, ABU: 0
2025-04-05 04:33:21.528: [INFO] BookmarkNodeAdded, ABU: 0
2025-04-05 04:33:21.528: [INFO] BookmarkNodeAdded, ABU: 0
2025-04-05 04:33:21.528: [INFO] BookmarkNodeAdded, ABU: 0
2025-04-05 04:33:21.528: [INFO] BookmarkNodeAdded, ABU: 0
2025-04-05 04:33:21.528: [INFO] BookmarkNodeAdded, ABU: 0
2025-04-05 04:33:21.528: [INFO] BookmarkNodeAdded, ABU: 0
2025-04-05 04:33:21.528: [INFO] BookmarkNodeAdded, ABU: 0
2025-04-05 04:33:21.528: [INFO] BookmarkNodeAdded, ABU: 0
2025-04-05 04:33:21.528: [INFO] BookmarkNodeAdded, ABU: 0
2025-04-05 04:33:21.528: [INFO] BookmarkNodeAdded, ABU: 0
2025-04-05 04:33:21.529: [INFO] BookmarkNodeAdded, ABU: 0
2025-04-05 04:33:21.529: [INFO] BookmarkNodeAdded, ABU: 0
2025-04-05 04:33:21.529: [INFO] BookmarkNodeAdded, ABU: 0
2025-04-05 04:33:21.529: [INFO] BookmarkNodeAdded, ABU: 0
2025-04-05 04:33:21.529: [INFO] BookmarkNodeAdded, ABU: 0
2025-04-05 04:33:21.529: [INFO] BookmarkNodeAdded, ABU: 0
2025-04-05 04:33:21.529: [INFO] BookmarkNodeAdded, ABU: 0
2025-04-05 04:33:21.529: [INFO] BookmarkNodeAdded, ABU: 0
2025-04-05 04:33:21.529: [INFO] BookmarkNodeAdded, ABU: 0
2025-04-05 04:33:21.529: [INFO] BookmarkNodeAdded, ABU: 0
2025-04-05 04:33:21.529: [INFO] BookmarkNodeAdded, ABU: 0
2025-04-05 04:33:21.529: [INFO] BookmarkNodeAdded, ABU: 0
2025-04-05 04:33:21.529: [INFO] BookmarkNodeAdded, ABU: 0
2025-04-05 04:33:21.529: [INFO] BookmarkNodeAdded, ABU: 0
2025-04-05 04:33:21.529: [INFO] BookmarkNodeAdded, ABU: 0
2025-04-05 04:33:21.529: [INFO] BookmarkNodeAdded, ABU: 0
2025-04-05 04:33:21.530: [INFO] BookmarkNodeAdded, ABU: 0
2025-04-05 04:33:21.530: [INFO] BookmarkNodeAdded, ABU: 0
2025-04-05 04:33:21.530: [INFO] BookmarkNodeAdded, ABU: 0
2025-04-05 04:33:21.530: [INFO] BookmarkNodeAdded, ABU: 0
2025-04-05 04:33:21.530: [INFO] BookmarkNodeAdded, ABU: 0
2025-04-05 04:33:21.530: [INFO] BookmarkNodeAdded, ABU: 0
2025-04-05 04:33:21.530: [INFO] BookmarkNodeAdded, ABU: 0
2025-04-05 04:33:21.530: [INFO] BookmarkNodeAdded, ABU: 0
2025-04-05 04:33:21.530: [INFO] BookmarkNodeAdded, ABU: 0
2025-04-05 04:33:21.530: [INFO] BookmarkNodeAdded, ABU: 0
2025-04-05 04:33:21.530: [INFO] BookmarkNodeAdded, ABU: 0
2025-04-05 04:33:21.530: [INFO] BookmarkNodeAdded, ABU: 0
2025-04-05 04:33:21.530: [INFO] BookmarkNodeAdded, ABU: 0
2025-04-05 04:33:21.530: [INFO] BookmarkNodeAdded, ABU: 0
2025-04-05 04:33:21.530: [INFO] BookmarkNodeAdded, ABU: 0
2025-04-05 04:33:21.531: [INFO] BookmarkNodeAdded, ABU: 0
2025-04-05 04:33:21.925: [INFO] Sync initialization duration: 8157ms
2025-04-05 04:33:40.306: [INFO] VisibilityChanged: 0
2025-04-05 04:34:05.649: [INFO] OnDoneLoading sync enabled: 1
2025-04-05 04:34:08.881: [INFO] Sync initialization duration: 2454ms
2025-04-05 04:34:26.498: [INFO] VisibilityChanged: 0
