{"logTime": "0405/043316", "correlationVector":"uCDtTcnSw91K1R/cvCrEfl.1","action":"SyncServerConnectionManagerRequest", "result":"SYNC_SERVER_OK", "context":{"environment":"Prod_southindia_prod-s01-004-apac-southindia", "migrationStage":"NotStarted", "server":"akswtt011000001"}}
{"logTime": "0405/043316", "correlationVector":"uCDtTcnSw91K1R/cvCrEfl.2","action":"ProcessGetUpdates", "result":"Done", "context":{"dataType":"Encryption Keys", "deleted":"0", "process_failed_to_decrypt":"0", "process_pending_decryption":"0", "process_success":"1", "total":"1"}}
{"logTime": "0405/043317", "correlationVector":"36okCDwrrq+9P1ZKT83dwe","action":"SyncServerConnectionManagerRequest", "result":"SYNC_SERVER_OK", "context":{"environment":"", "migrationStage":"", "server":""}}
{"logTime": "0405/043317", "correlationVector":"36okCDwrrq+9P1ZKT83dwe.0","action":"EncryptionKeysFetcher.DownloadKeys:", "result":"Success", "context":Key count: 10, Last key timestamp: 2024-12-31T07:15:49Z}
{"logTime": "0405/043317", "correlationVector":"36okCDwrrq+9P1ZKT83dwe.1","action":"EncryptionKeysManager::SetEncryptionKeys:", "result":"Success", "context":Key names[10]:[uQMxdKja5p1nfu7AqVwWsTchvoeEZFOf3aq1LQRPNeTxIkRpofbxSU68AF4EyMJNMuyVdNfb6DLTG3bI054duA==][0aOP/7cEk1fR2GxFTGduUHTgUZZ/7a6E+ChFhSgS3+4C2IdiJqizqZH7uhVUThYwOcGwyyhpmBiqU5I6CWFW+w==][YmKEnY/bKP0hlppG1R8YoTTZSKbHtjCEFF+vUSyTXiUIOcrWu/Ds4DDxzh9x96mbeUgEEnQ9CQhJNz4LlL3F+g==][55NsXhBNKsF5Ekqk3qJrRgQYJ7bYdDFiZ6LsVBINaRggVLLvLKqxm+ZnP0Hm7phFgjbRw++t0Rg7158VCaFB1g==][bBwHdWAWWhrtxVWT6bWDwOqkTQcdptLxsAgfLS4Dko6zZtMiRKMlcL6SLDhf4JDWj65XuqG61McBP+orUh5P0Q==][1O0cu0x8cXhQv7lMJt1c0Z0wg9esNC3ih0i5YjhcPcLw+feav1aQF2zpr35TqK2uqOoZAzYrekp6/59Uayd15A==][Fc5a3O7+FmBEe0BR0iK2H+XPwCpwlcnYU5SqxM4Ls56FAVY4sae6bAvhCQoPaXPBtevuSS7Cn8cG4rUt65fanQ==][cVUx//4F29sg72/wEMfZAJ0OauA30yX2n9GnwMkrjAk5nR6avcKFwg+Ch7YeYD0Yj4RwzSQiiAaKDYFWSllCbg==][q/SxzGluNnPq7QqxAgnJshAEQpqBIpAc3yFzYkec80He9KoMcN4E1AdzqjSSGTE9NUUwQEb4eweJLWQVnvhicg==][B09w4zqNlzUV8+fEjaOvPid3rXOM+YxkwKW3Pumg7geG14FZl0BUULIgPTcoOWarRyEImUp0keY7gElvCddF9A==]}
{"logTime": "0405/043317", "correlationVector":"36okCDwrrq+9P1ZKT83dwe.2","action":"EncryptionKeysManager::SetEncryptionKeysWithTimestamps:", "result":"Success", "context":Key timestamps[10]:[2021-05-17T03:24:49Z][2021-11-19T11:00:19Z][2022-05-19T05:32:04Z][2022-11-15T12:57:26Z][2023-05-14T14:37:41Z][2023-09-19T04:54:50Z][2023-10-12T12:27:19Z][2024-01-28T06:04:58Z][2024-06-01T17:36:03Z][2024-12-31T07:15:49Z]}
{"logTime": "0405/043317", "correlationVector":"uCDtTcnSw91K1R/cvCrEfl","action":"Initial GetUpdates", "result":"", "context":Reason: NEW_CLIENT. cV=uCDtTcnSw91K1R/cvCrEfl}
{"logTime": "0405/043317", "correlationVector":"uCDtTcnSw91K1R/cvCrEfl.3","action":"GetUpdates Response", "result":"Success", "context":Received 1 update(s). cV=uCDtTcnSw91K1R/cvCrEfl.0;server=akswtt011000001;cloudType=Consumer;environment=Prod_southindia_prod-s01-004-apac-southindia;migrationStage=NotStarted}
{"logTime": "0405/043317", "correlationVector":"0fZKuebtCOygkrxrx9sLow","action":"Initial GetUpdates", "result":"", "context":Reason: NEWLY_SUPPORTED_DATATYPE. cV=0fZKuebtCOygkrxrx9sLow}
{"logTime": "0405/043319", "correlationVector":"0fZKuebtCOygkrxrx9sLow.1","action":"SyncServerConnectionManagerRequest", "result":"SYNC_SERVER_OK", "context":{"environment":"Prod_southindia_prod-s01-004-apac-southindia", "migrationStage":"NotStarted", "server":"akswtt01100002w"}}
{"logTime": "0405/043319", "correlationVector":"0fZKuebtCOygkrxrx9sLow.2","action":"ProcessGetUpdates", "result":"Done", "context":{"dataType":"Preferences", "deleted":"0", "process_failed_to_decrypt":"0", "process_pending_decryption":"0", "process_success":"83", "total":"83"}}
{"logTime": "0405/043319", "correlationVector":"0fZKuebtCOygkrxrx9sLow.3","action":"ProcessGetUpdates", "result":"Done", "context":{"dataType":"Passwords", "deleted":"0", "process_failed_to_decrypt":"0", "process_pending_decryption":"0", "process_success":"96", "total":"96"}}
{"logTime": "0405/043319", "correlationVector":"0fZKuebtCOygkrxrx9sLow.4","action":"ProcessGetUpdates", "result":"Done", "context":{"dataType":"Device Info", "deleted":"0", "process_failed_to_decrypt":"0", "process_pending_decryption":"0", "process_success":"71", "total":"71"}}
{"logTime": "0405/043319", "correlationVector":"0fZKuebtCOygkrxrx9sLow.5","action":"GetUpdates Response", "result":"Success", "context":Received 250 update(s). cV=0fZKuebtCOygkrxrx9sLow.0;server=akswtt01100002w;cloudType=Consumer;environment=Prod_southindia_prod-s01-004-apac-southindia;migrationStage=NotStarted Some updates remain.}
{"logTime": "0405/043319", "correlationVector":"klRxT5gVIDpvWvZsuV30eh","action":"Initial GetUpdates", "result":"", "context":Reason: NEWLY_SUPPORTED_DATATYPE. cV=klRxT5gVIDpvWvZsuV30eh}
{"logTime": "0405/043319", "correlationVector":"klRxT5gVIDpvWvZsuV30eh.1","action":"SyncServerConnectionManagerRequest", "result":"SYNC_SERVER_OK", "context":{"environment":"Prod_southindia_prod-s01-004-apac-southindia", "migrationStage":"NotStarted", "server":"akswtt01100001s"}}
{"logTime": "0405/043319", "correlationVector":"klRxT5gVIDpvWvZsuV30eh.2","action":"ProcessGetUpdates", "result":"Done", "context":{"dataType":"Passwords", "deleted":"0", "process_failed_to_decrypt":"0", "process_pending_decryption":"0", "process_success":"191", "total":"191"}}
{"logTime": "0405/043319", "correlationVector":"klRxT5gVIDpvWvZsuV30eh.3","action":"GetUpdates Response", "result":"Success", "context":Received 191 update(s). cV=klRxT5gVIDpvWvZsuV30eh.0;server=akswtt01100001s;cloudType=Consumer;environment=Prod_southindia_prod-s01-004-apac-southindia;migrationStage=NotStarted}
{"logTime": "0405/043319", "correlationVector":"n51cL2ZWacNjWINJ76n9hU","action":"Initial GetUpdates", "result":"", "context":Reason: NEWLY_SUPPORTED_DATATYPE. cV=n51cL2ZWacNjWINJ76n9hU}
{"logTime": "0405/043320", "correlationVector":"n51cL2ZWacNjWINJ76n9hU.1","action":"SyncServerConnectionManagerRequest", "result":"SYNC_SERVER_OK", "context":{"environment":"Prod_southindia_prod-s01-004-apac-southindia", "migrationStage":"NotStarted", "server":"akswtt01100002c"}}
{"logTime": "0405/043320", "correlationVector":"n51cL2ZWacNjWINJ76n9hU.2","action":"ProcessGetUpdates", "result":"Done", "context":{"dataType":"Bookmarks", "deleted":"0", "process_failed_to_decrypt":"0", "process_pending_decryption":"0", "process_success":"250", "total":"250"}}
{"logTime": "0405/043320", "correlationVector":"n51cL2ZWacNjWINJ76n9hU.3","action":"GetUpdates Response", "result":"Success", "context":Received 250 update(s). cV=n51cL2ZWacNjWINJ76n9hU.0;server=akswtt01100002c;cloudType=Consumer;environment=Prod_southindia_prod-s01-004-apac-southindia;migrationStage=NotStarted Some updates remain.}
{"logTime": "0405/043320", "correlationVector":"WNsNc9rbp1qCfl6VeIwufd","action":"Initial GetUpdates", "result":"", "context":Reason: NEWLY_SUPPORTED_DATATYPE. cV=WNsNc9rbp1qCfl6VeIwufd}
{"logTime": "0405/043321", "correlationVector":"WNsNc9rbp1qCfl6VeIwufd.1","action":"SyncServerConnectionManagerRequest", "result":"SYNC_SERVER_OK", "context":{"environment":"Prod_southindia_prod-s01-004-apac-southindia", "migrationStage":"NotStarted", "server":"akswtt01100001k"}}
{"logTime": "0405/043321", "correlationVector":"WNsNc9rbp1qCfl6VeIwufd.2","action":"ProcessGetUpdates", "result":"Done", "context":{"dataType":"Bookmarks", "deleted":"0", "process_failed_to_decrypt":"0", "process_pending_decryption":"0", "process_success":"153", "total":"153"}}
{"logTime": "0405/043321", "correlationVector":"WNsNc9rbp1qCfl6VeIwufd.3","action":"GetUpdates Response", "result":"Success", "context":Received 153 update(s). cV=WNsNc9rbp1qCfl6VeIwufd.0;server=akswtt01100001k;cloudType=Consumer;environment=Prod_southindia_prod-s01-004-apac-southindia;migrationStage=NotStarted}
{"logTime": "0405/043321", "correlationVector":"BhJcKnF8ZK7MSgo5+hrp+D","action":"Initial GetUpdates", "result":"", "context":Reason: NEWLY_SUPPORTED_DATATYPE. cV=BhJcKnF8ZK7MSgo5+hrp+D}
{"logTime": "0405/043321", "correlationVector":"BhJcKnF8ZK7MSgo5+hrp+D.1","action":"SyncServerConnectionManagerRequest", "result":"SYNC_SERVER_OK", "context":{"environment":"Prod_southindia_prod-s01-004-apac-southindia", "migrationStage":"NotStarted", "server":"akswtt011000034"}}
{"logTime": "0405/043321", "correlationVector":"BhJcKnF8ZK7MSgo5+hrp+D.2","action":"ProcessGetUpdates", "result":"Done", "context":{"dataType":"Autofill Profiles", "deleted":"0", "process_failed_to_decrypt":"0", "process_pending_decryption":"0", "process_success":"49", "total":"49"}}
{"logTime": "0405/043321", "correlationVector":"BhJcKnF8ZK7MSgo5+hrp+D.3","action":"ProcessGetUpdates", "result":"Done", "context":{"dataType":"Autofill", "deleted":"0", "process_failed_to_decrypt":"0", "process_pending_decryption":"0", "process_success":"4", "total":"4"}}
{"logTime": "0405/043321", "correlationVector":"BhJcKnF8ZK7MSgo5+hrp+D.4","action":"ProcessGetUpdates", "result":"Done", "context":{"dataType":"Extensions", "deleted":"0", "process_failed_to_decrypt":"0", "process_pending_decryption":"0", "process_success":"26", "total":"26"}}
{"logTime": "0405/043321", "correlationVector":"BhJcKnF8ZK7MSgo5+hrp+D.5","action":"ProcessGetUpdates", "result":"Done", "context":{"dataType":"Extension settings", "deleted":"0", "process_failed_to_decrypt":"0", "process_pending_decryption":"0", "process_success":"33", "total":"33"}}
{"logTime": "0405/043321", "correlationVector":"BhJcKnF8ZK7MSgo5+hrp+D.6","action":"ProcessGetUpdates", "result":"Done", "context":{"dataType":"Web Apps", "deleted":"0", "process_failed_to_decrypt":"0", "process_pending_decryption":"0", "process_success":"1", "total":"1"}}
{"logTime": "0405/043321", "correlationVector":"BhJcKnF8ZK7MSgo5+hrp+D.7","action":"GetUpdates Response", "result":"Success", "context":Received 113 update(s). cV=BhJcKnF8ZK7MSgo5+hrp+D.0;server=akswtt011000034;cloudType=Consumer;environment=Prod_southindia_prod-s01-004-apac-southindia;migrationStage=NotStarted}
{"logTime": "0405/043321", "correlationVector":"1PJuG1E3Jjqpam+z0RuE8G","action":"Initial GetUpdates", "result":"", "context":Reason: NEWLY_SUPPORTED_DATATYPE. cV=1PJuG1E3Jjqpam+z0RuE8G}
{"logTime": "0405/043322", "correlationVector":"1PJuG1E3Jjqpam+z0RuE8G.1","action":"SyncServerConnectionManagerRequest", "result":"SYNC_SERVER_OK", "context":{"environment":"Prod_southindia_prod-s01-004-apac-southindia", "migrationStage":"NotStarted", "server":"akswtt01100002q"}}
{"logTime": "0405/043322", "correlationVector":"1PJuG1E3Jjqpam+z0RuE8G.2","action":"GetUpdates Response", "result":"Success", "context":Received 0 update(s). cV=1PJuG1E3Jjqpam+z0RuE8G.0;server=akswtt01100002q;cloudType=Consumer;environment=Prod_southindia_prod-s01-004-apac-southindia;migrationStage=NotStarted}
{"logTime": "0405/043322", "correlationVector":"RImIy8WHa9Pqv+bQo0hR31","action":"Normal GetUpdate request", "result":"", "context":cV=RImIy8WHa9Pqv+bQo0hR31
Nudged types: Bookmarks, Preferences, Sessions, Device Info, User Consents
Refresh requested types: Bookmarks, Preferences, Passwords, Autofill Profiles, Autofill, Extensions, Sessions, Extension settings, History Delete Directives, Device Info, User Consents, Send Tab To Self, Web Apps, History, Saved Tab Group, Collection, Edge E Drop, Edge Hub App Usage, Edge Tab Group, Edge Wallet, Encryption Keys}
{"logTime": "0405/043322", "correlationVector":"RImIy8WHa9Pqv+bQo0hR31.1","action":"SyncServerConnectionManagerRequest", "result":"SYNC_SERVER_OK", "context":{"environment":"Prod_southindia_prod-s01-004-apac-southindia", "migrationStage":"NotStarted", "server":"akswtt011000013"}}
{"logTime": "0405/043322", "correlationVector":"RImIy8WHa9Pqv+bQo0hR31.2","action":"GetUpdates Response", "result":"Success", "context":Received 0 update(s). cV=RImIy8WHa9Pqv+bQo0hR31.0;server=akswtt011000013;cloudType=Consumer;environment=Prod_southindia_prod-s01-004-apac-southindia;migrationStage=NotStarted}
{"logTime": "0405/043322", "correlationVector":"kM0ZKpeyxPMZle8lI+01ku","action":"Commit Request", "result":"", "context":Item count: 31
Contributing types: Bookmarks, Preferences, Sessions, Device Info, User Consents}
{"logTime": "0405/043324", "correlationVector":"kM0ZKpeyxPMZle8lI+01ku.1","action":"SyncServerConnectionManagerRequest", "result":"SYNC_SERVER_OK", "context":{"environment":"Prod_southindia_prod-s01-004-apac-southindia", "migrationStage":"NotStarted", "server":"akswtt01100000t"}}
{"logTime": "0405/043324", "correlationVector":"kM0ZKpeyxPMZle8lI+01ku.2","action":"Commit Response", "result":"Success", "context":Result: Success. cV=kM0ZKpeyxPMZle8lI+01ku.0;server=akswtt01100000t;cloudType=Consumer;environment=Prod_southindia_prod-s01-004-apac-southindia;migrationStage=NotStarted}
{"logTime": "0405/043330", "correlationVector":"4CHgRP/fwvBTdGQaKOvosD","action":"Commit Request", "result":"", "context":Item count: 1
Contributing types: User Consents}
{"logTime": "0405/043330", "correlationVector":"4CHgRP/fwvBTdGQaKOvosD.1","action":"SyncServerConnectionManagerRequest", "result":"SYNC_SERVER_OK", "context":{"environment":"Prod_southindia_prod-s01-004-apac-southindia", "migrationStage":"NotStarted", "server":"akswtt01100001k"}}
{"logTime": "0405/043330", "correlationVector":"4CHgRP/fwvBTdGQaKOvosD.2","action":"Commit Response", "result":"Success", "context":Result: Success. cV=4CHgRP/fwvBTdGQaKOvosD.0;server=akswtt01100001k;cloudType=Consumer;environment=Prod_southindia_prod-s01-004-apac-southindia;migrationStage=NotStarted}
{"logTime": "0405/043406", "correlationVector":"y/aAiZwlkdpI4nk+Lsqb1C.1","action":"SyncServerConnectionManagerRequest", "result":"SYNC_SERVER_OK", "context":{"environment":"Prod_southindia_prod-s01-004-apac-southindia", "migrationStage":"NotStarted", "server":"akswtt011000012"}}
{"logTime": "0405/043406", "correlationVector":"y/aAiZwlkdpI4nk+Lsqb1C.2","action":"ProcessGetUpdates", "result":"Done", "context":{"dataType":"Encryption Keys", "deleted":"0", "process_failed_to_decrypt":"0", "process_pending_decryption":"0", "process_success":"1", "total":"1"}}
{"logTime": "0405/043407", "correlationVector":"SS3hrrllrNqIXUiDC/NvAs","action":"SyncServerConnectionManagerRequest", "result":"SYNC_SERVER_OK", "context":{"environment":"", "migrationStage":"", "server":""}}
{"logTime": "0405/043407", "correlationVector":"SS3hrrllrNqIXUiDC/NvAs.0","action":"EncryptionKeysFetcher.DownloadKeys:", "result":"Success", "context":Key count: 10, Last key timestamp: 2024-12-31T07:15:49Z}
{"logTime": "0405/043407", "correlationVector":"SS3hrrllrNqIXUiDC/NvAs.1","action":"EncryptionKeysManager::SetEncryptionKeys:", "result":"Success", "context":Key names[10]:[uQMxdKja5p1nfu7AqVwWsTchvoeEZFOf3aq1LQRPNeTxIkRpofbxSU68AF4EyMJNMuyVdNfb6DLTG3bI054duA==][0aOP/7cEk1fR2GxFTGduUHTgUZZ/7a6E+ChFhSgS3+4C2IdiJqizqZH7uhVUThYwOcGwyyhpmBiqU5I6CWFW+w==][YmKEnY/bKP0hlppG1R8YoTTZSKbHtjCEFF+vUSyTXiUIOcrWu/Ds4DDxzh9x96mbeUgEEnQ9CQhJNz4LlL3F+g==][55NsXhBNKsF5Ekqk3qJrRgQYJ7bYdDFiZ6LsVBINaRggVLLvLKqxm+ZnP0Hm7phFgjbRw++t0Rg7158VCaFB1g==][bBwHdWAWWhrtxVWT6bWDwOqkTQcdptLxsAgfLS4Dko6zZtMiRKMlcL6SLDhf4JDWj65XuqG61McBP+orUh5P0Q==][1O0cu0x8cXhQv7lMJt1c0Z0wg9esNC3ih0i5YjhcPcLw+feav1aQF2zpr35TqK2uqOoZAzYrekp6/59Uayd15A==][Fc5a3O7+FmBEe0BR0iK2H+XPwCpwlcnYU5SqxM4Ls56FAVY4sae6bAvhCQoPaXPBtevuSS7Cn8cG4rUt65fanQ==][cVUx//4F29sg72/wEMfZAJ0OauA30yX2n9GnwMkrjAk5nR6avcKFwg+Ch7YeYD0Yj4RwzSQiiAaKDYFWSllCbg==][q/SxzGluNnPq7QqxAgnJshAEQpqBIpAc3yFzYkec80He9KoMcN4E1AdzqjSSGTE9NUUwQEb4eweJLWQVnvhicg==][B09w4zqNlzUV8+fEjaOvPid3rXOM+YxkwKW3Pumg7geG14FZl0BUULIgPTcoOWarRyEImUp0keY7gElvCddF9A==]}
{"logTime": "0405/043407", "correlationVector":"SS3hrrllrNqIXUiDC/NvAs.2","action":"EncryptionKeysManager::SetEncryptionKeysWithTimestamps:", "result":"Success", "context":Key timestamps[10]:[2021-05-17T03:24:49Z][2021-11-19T11:00:19Z][2022-05-19T05:32:04Z][2022-11-15T12:57:26Z][2023-05-14T14:37:41Z][2023-09-19T04:54:50Z][2023-10-12T12:27:19Z][2024-01-28T06:04:58Z][2024-06-01T17:36:03Z][2024-12-31T07:15:49Z]}
{"logTime": "0405/043407", "correlationVector":"y/aAiZwlkdpI4nk+Lsqb1C","action":"Initial GetUpdates", "result":"", "context":Reason: NEW_CLIENT. cV=y/aAiZwlkdpI4nk+Lsqb1C}
{"logTime": "0405/043407", "correlationVector":"y/aAiZwlkdpI4nk+Lsqb1C.3","action":"GetUpdates Response", "result":"Success", "context":Received 1 update(s). cV=y/aAiZwlkdpI4nk+Lsqb1C.0;server=akswtt011000012;cloudType=Consumer;environment=Prod_southindia_prod-s01-004-apac-southindia;migrationStage=NotStarted}
{"logTime": "0405/043407", "correlationVector":"fsPBL4AcmyTSvGBdyMBtvi","action":"Initial GetUpdates", "result":"", "context":Reason: NEWLY_SUPPORTED_DATATYPE. cV=fsPBL4AcmyTSvGBdyMBtvi}
{"logTime": "0405/043408", "correlationVector":"fsPBL4AcmyTSvGBdyMBtvi.1","action":"SyncServerConnectionManagerRequest", "result":"SYNC_SERVER_OK", "context":{"environment":"Prod_southindia_prod-s01-004-apac-southindia", "migrationStage":"NotStarted", "server":"akswtt01100000u"}}
{"logTime": "0405/043408", "correlationVector":"fsPBL4AcmyTSvGBdyMBtvi.2","action":"ProcessGetUpdates", "result":"Done", "context":{"dataType":"Passwords", "deleted":"0", "process_failed_to_decrypt":"0", "process_pending_decryption":"0", "process_success":"250", "total":"250"}}
{"logTime": "0405/043408", "correlationVector":"fsPBL4AcmyTSvGBdyMBtvi.3","action":"GetUpdates Response", "result":"Success", "context":Received 250 update(s). cV=fsPBL4AcmyTSvGBdyMBtvi.0;server=akswtt01100000u;cloudType=Consumer;environment=Prod_southindia_prod-s01-004-apac-southindia;migrationStage=NotStarted Some updates remain.}
{"logTime": "0405/043408", "correlationVector":"NApOfPLVVFqyUiptMxM8np","action":"Initial GetUpdates", "result":"", "context":Reason: NEWLY_SUPPORTED_DATATYPE. cV=NApOfPLVVFqyUiptMxM8np}
{"logTime": "0405/043408", "correlationVector":"NApOfPLVVFqyUiptMxM8np.1","action":"SyncServerConnectionManagerRequest", "result":"SYNC_SERVER_OK", "context":{"environment":"Prod_southindia_prod-s01-004-apac-southindia", "migrationStage":"NotStarted", "server":"akswtt01100002d"}}
{"logTime": "0405/043408", "correlationVector":"NApOfPLVVFqyUiptMxM8np.2","action":"ProcessGetUpdates", "result":"Done", "context":{"dataType":"Passwords", "deleted":"0", "process_failed_to_decrypt":"0", "process_pending_decryption":"0", "process_success":"37", "total":"37"}}
{"logTime": "0405/043408", "correlationVector":"NApOfPLVVFqyUiptMxM8np.3","action":"GetUpdates Response", "result":"Success", "context":Received 37 update(s). cV=NApOfPLVVFqyUiptMxM8np.0;server=akswtt01100002d;cloudType=Consumer;environment=Prod_southindia_prod-s01-004-apac-southindia;migrationStage=NotStarted}
{"logTime": "0405/043408", "correlationVector":"08RND+1XxnKBe9QeGfE+zp","action":"Normal GetUpdate request", "result":"", "context":cV=08RND+1XxnKBe9QeGfE+zp
Nudged types: Sessions, History
Refresh requested types: Bookmarks, Preferences, Passwords, Autofill Profiles, Autofill, Extensions, Sessions, Extension settings, History Delete Directives, Device Info, User Consents, Send Tab To Self, Web Apps, History, Saved Tab Group, Collection, Edge E Drop, Edge Hub App Usage, Edge Tab Group, Edge Wallet, Encryption Keys}
{"logTime": "0405/043409", "correlationVector":"08RND+1XxnKBe9QeGfE+zp.1","action":"SyncServerConnectionManagerRequest", "result":"SYNC_SERVER_OK", "context":{"environment":"Prod_southindia_prod-s01-004-apac-southindia", "migrationStage":"NotStarted", "server":"akswtt01100002d"}}
{"logTime": "0405/043409", "correlationVector":"08RND+1XxnKBe9QeGfE+zp.2","action":"ProcessGetUpdates", "result":"Done", "context":{"dataType":"Bookmarks", "deleted":"0", "process_failed_to_decrypt":"0", "process_pending_decryption":"0", "process_success":"25", "total":"25"}}
{"logTime": "0405/043409", "correlationVector":"08RND+1XxnKBe9QeGfE+zp.3","action":"ProcessGetUpdates", "result":"Done", "context":{"dataType":"Preferences", "deleted":"0", "process_failed_to_decrypt":"0", "process_pending_decryption":"0", "process_success":"2", "total":"2"}}
{"logTime": "0405/043409", "correlationVector":"08RND+1XxnKBe9QeGfE+zp.4","action":"ProcessGetUpdates", "result":"Done", "context":{"dataType":"Sessions", "deleted":"0", "process_failed_to_decrypt":"0", "process_pending_decryption":"0", "process_success":"2", "total":"2"}}
{"logTime": "0405/043409", "correlationVector":"08RND+1XxnKBe9QeGfE+zp.5","action":"ProcessGetUpdates", "result":"Done", "context":{"dataType":"Device Info", "deleted":"0", "process_failed_to_decrypt":"0", "process_pending_decryption":"0", "process_success":"1", "total":"1"}}
{"logTime": "0405/043409", "correlationVector":"08RND+1XxnKBe9QeGfE+zp.6","action":"GetUpdates Response", "result":"Success", "context":Received 30 update(s). cV=08RND+1XxnKBe9QeGfE+zp.0;server=akswtt01100002d;cloudType=Consumer;environment=Prod_southindia_prod-s01-004-apac-southindia;migrationStage=NotStarted}
{"logTime": "0405/043410", "correlationVector":"NbOwozd4ivMfFGiQarYu2f","action":"Commit Request", "result":"", "context":Item count: 40
Contributing types: Autofill Profiles}
{"logTime": "0405/043414", "correlationVector":"NbOwozd4ivMfFGiQarYu2f.1","action":"SyncServerConnectionManagerRequest", "result":"SYNC_SERVER_OK", "context":{"environment":"Prod_southindia_prod-s01-004-apac-southindia", "migrationStage":"NotStarted", "server":"akswtt01100000l"}}
{"logTime": "0405/043414", "correlationVector":"NbOwozd4ivMfFGiQarYu2f.2","action":"Commit Response", "result":"Success", "context":Result: Success. cV=NbOwozd4ivMfFGiQarYu2f.0;server=akswtt01100000l;cloudType=Consumer;environment=Prod_southindia_prod-s01-004-apac-southindia;migrationStage=NotStarted}
{"logTime": "0405/043414", "correlationVector":"NbOwozd4ivMfFGiQarYu2f.3","action":"Commit.Autofill Profiles", "result":"Success", "context":{"id":"4a94386b-49f7-4be2-8f84-1bd2472aa8d4", "isDeleted":"true", "size":"0", "version":"1735629380639"}}
{"logTime": "0405/043414", "correlationVector":"NbOwozd4ivMfFGiQarYu2f.4","action":"Commit.Autofill Profiles", "result":"Success", "context":{"id":"15f9ca73-cbf3-44e9-81aa-16c8d907e239", "isDeleted":"true", "size":"0", "version":"1735629380640"}}
{"logTime": "0405/043414", "correlationVector":"NbOwozd4ivMfFGiQarYu2f.5","action":"Commit.Autofill Profiles", "result":"Success", "context":{"id":"5921dd33-58f0-455d-8db4-e1532f256c87", "isDeleted":"true", "size":"0", "version":"1735629380641"}}
{"logTime": "0405/043414", "correlationVector":"NbOwozd4ivMfFGiQarYu2f.6","action":"Commit.Autofill Profiles", "result":"Success", "context":{"id":"95b33c1c-8c00-46db-9af4-9a5f99eec108", "isDeleted":"true", "size":"0", "version":"1735629380643"}}
{"logTime": "0405/043414", "correlationVector":"NbOwozd4ivMfFGiQarYu2f.7","action":"Commit.Autofill Profiles", "result":"Success", "context":{"id":"105dc6c1-facc-4661-949c-4ce07e437d4a", "isDeleted":"true", "size":"0", "version":"1735629380644"}}
{"logTime": "0405/043414", "correlationVector":"NbOwozd4ivMfFGiQarYu2f.8","action":"Commit.Autofill Profiles", "result":"Success", "context":{"id":"52d016fb-4189-4f98-a119-a4f070440c80", "isDeleted":"true", "size":"0", "version":"1735629380645"}}
{"logTime": "0405/043414", "correlationVector":"NbOwozd4ivMfFGiQarYu2f.9","action":"Commit.Autofill Profiles", "result":"Success", "context":{"id":"e32e6420-ed24-43c8-bd74-4df6bbafb996", "isDeleted":"true", "size":"0", "version":"1735629380646"}}
{"logTime": "0405/043414", "correlationVector":"NbOwozd4ivMfFGiQarYu2f.10","action":"Commit.Autofill Profiles", "result":"Success", "context":{"id":"59602615-ce7c-4c80-bf22-2899581f3f63", "isDeleted":"true", "size":"0", "version":"1735629380647"}}
{"logTime": "0405/043414", "correlationVector":"NbOwozd4ivMfFGiQarYu2f.11","action":"Commit.Autofill Profiles", "result":"Success", "context":{"id":"72d5bfcf-86c7-4b15-b911-42bc41dfeb29", "isDeleted":"true", "size":"0", "version":"1735629380648"}}
{"logTime": "0405/043414", "correlationVector":"NbOwozd4ivMfFGiQarYu2f.12","action":"Commit.Autofill Profiles", "result":"Success", "context":{"id":"ed18d74e-c752-48a8-a194-7eb7005f01af", "isDeleted":"true", "size":"0", "version":"1735629380649"}}
{"logTime": "0405/043414", "correlationVector":"NbOwozd4ivMfFGiQarYu2f.13","action":"Commit.Autofill Profiles", "result":"Success", "context":{"id":"80086810-4216-4ed2-89a8-c817ee648216", "isDeleted":"true", "size":"0", "version":"1735629380650"}}
{"logTime": "0405/043414", "correlationVector":"NbOwozd4ivMfFGiQarYu2f.14","action":"Commit.Autofill Profiles", "result":"Success", "context":{"id":"02ce8816-943c-4d88-b076-52757e1ce066", "isDeleted":"true", "size":"0", "version":"1735629380651"}}
{"logTime": "0405/043414", "correlationVector":"NbOwozd4ivMfFGiQarYu2f.15","action":"Commit.Autofill Profiles", "result":"Success", "context":{"id":"68318baf-d6c8-4b33-b632-462635aa43f6", "isDeleted":"true", "size":"0", "version":"1735629382678"}}
{"logTime": "0405/043414", "correlationVector":"NbOwozd4ivMfFGiQarYu2f.16","action":"Commit.Autofill Profiles", "result":"Success", "context":{"id":"f8b13db5-f0ac-4d12-8781-b10e09f74cd2", "isDeleted":"true", "size":"0", "version":"1735629382679"}}
{"logTime": "0405/043414", "correlationVector":"NbOwozd4ivMfFGiQarYu2f.17","action":"Commit.Autofill Profiles", "result":"Success", "context":{"id":"4b851651-1ef4-44c6-9472-913cebf2f80d", "isDeleted":"true", "size":"0", "version":"1735629382680"}}
{"logTime": "0405/043414", "correlationVector":"NbOwozd4ivMfFGiQarYu2f.18","action":"Commit.Autofill Profiles", "result":"Success", "context":{"id":"b9a18993-3d71-4d01-b605-086a9a29b7d8", "isDeleted":"true", "size":"0", "version":"1735629382681"}}
{"logTime": "0405/043414", "correlationVector":"NbOwozd4ivMfFGiQarYu2f.19","action":"Commit.Autofill Profiles", "result":"Success", "context":{"id":"33944a2f-a45d-47b3-88d9-54df361b6cb4", "isDeleted":"true", "size":"0", "version":"1735629382682"}}
{"logTime": "0405/043414", "correlationVector":"NbOwozd4ivMfFGiQarYu2f.20","action":"Commit.Autofill Profiles", "result":"Success", "context":{"id":"e0b61b34-afba-4d99-a15f-32cadb1e644f", "isDeleted":"true", "size":"0", "version":"1735629382683"}}
{"logTime": "0405/043414", "correlationVector":"NbOwozd4ivMfFGiQarYu2f.21","action":"Commit.Autofill Profiles", "result":"Success", "context":{"id":"4657738c-86e2-41da-82d2-480acc6d6972", "isDeleted":"true", "size":"0", "version":"1735629382684"}}
{"logTime": "0405/043414", "correlationVector":"NbOwozd4ivMfFGiQarYu2f.22","action":"Commit.Autofill Profiles", "result":"Success", "context":{"id":"f72569ae-ecea-48ba-be41-c24976a6f8bd", "isDeleted":"true", "size":"0", "version":"1735629382685"}}
{"logTime": "0405/043414", "correlationVector":"NbOwozd4ivMfFGiQarYu2f.23","action":"Commit.Autofill Profiles", "result":"Success", "context":{"id":"d26d41bc-4d70-42e9-9ac9-278cfb0b4985", "isDeleted":"true", "size":"0", "version":"1735629382686"}}
{"logTime": "0405/043414", "correlationVector":"NbOwozd4ivMfFGiQarYu2f.24","action":"Commit.Autofill Profiles", "result":"Success", "context":{"id":"b330eafe-04c8-4186-9182-f21c41f4764f", "isDeleted":"true", "size":"0", "version":"1735629382687"}}
{"logTime": "0405/043414", "correlationVector":"NbOwozd4ivMfFGiQarYu2f.25","action":"Commit.Autofill Profiles", "result":"Success", "context":{"id":"d7a2eb01-2e3b-4c3d-8c6a-965d449276cf", "isDeleted":"true", "size":"0", "version":"1735629382688"}}
{"logTime": "0405/043414", "correlationVector":"NbOwozd4ivMfFGiQarYu2f.26","action":"Commit.Autofill Profiles", "result":"Success", "context":{"id":"ca3e495a-9bf0-465f-be38-bcc2c7cd13c5", "isDeleted":"true", "size":"0", "version":"1735629382689"}}
{"logTime": "0405/043414", "correlationVector":"NbOwozd4ivMfFGiQarYu2f.27","action":"Commit.Autofill Profiles", "result":"Success", "context":{"id":"837ccf31-2b61-4bfc-99a6-a52f91038a93", "isDeleted":"true", "size":"0", "version":"1735629382690"}}
{"logTime": "0405/043414", "correlationVector":"NbOwozd4ivMfFGiQarYu2f.28","action":"Commit.Autofill Profiles", "result":"Success", "context":{"id":"332ce114-8739-48b3-aa4f-382299665953", "isDeleted":"true", "size":"0", "version":"1735629382691"}}
{"logTime": "0405/043414", "correlationVector":"NbOwozd4ivMfFGiQarYu2f.29","action":"Commit.Autofill Profiles", "result":"Success", "context":{"id":"a1410538-3d80-4eb4-b4d5-9bc565bbf298", "isDeleted":"true", "size":"0", "version":"1735629382692"}}
{"logTime": "0405/043414", "correlationVector":"NbOwozd4ivMfFGiQarYu2f.30","action":"Commit.Autofill Profiles", "result":"Success", "context":{"id":"c2ae82a6-1aed-40c5-b8b1-52f3bf12b8f5", "isDeleted":"true", "size":"0", "version":"1735629382693"}}
{"logTime": "0405/043414", "correlationVector":"NbOwozd4ivMfFGiQarYu2f.31","action":"Commit.Autofill Profiles", "result":"Success", "context":{"id":"8d15be64-2c29-49c8-9686-7144c0ce8cb0", "isDeleted":"true", "size":"0", "version":"1735629382694"}}
{"logTime": "0405/043414", "correlationVector":"NbOwozd4ivMfFGiQarYu2f.32","action":"Commit.Autofill Profiles", "result":"Success", "context":{"id":"fdb908cc-bad2-431a-8e31-c45126401f45", "isDeleted":"true", "size":"0", "version":"1735629382695"}}
{"logTime": "0405/043414", "correlationVector":"NbOwozd4ivMfFGiQarYu2f.33","action":"Commit.Autofill Profiles", "result":"Success", "context":{"id":"edfa0a89-135d-4323-ab2d-f686eb1e729d", "isDeleted":"true", "size":"0", "version":"1735629382696"}}
{"logTime": "0405/043414", "correlationVector":"NbOwozd4ivMfFGiQarYu2f.34","action":"Commit.Autofill Profiles", "result":"Success", "context":{"id":"423b87f8-f82c-4ef8-9279-6db9d5f191de", "isDeleted":"true", "size":"0", "version":"1741971542542"}}
{"logTime": "0405/043414", "correlationVector":"NbOwozd4ivMfFGiQarYu2f.35","action":"Commit.Autofill Profiles", "result":"Success", "context":{"id":"2861a9c4-3999-4588-ac56-1207254d3c4d", "isDeleted":"true", "size":"0", "version":"1741971542543"}}
{"logTime": "0405/043414", "correlationVector":"NbOwozd4ivMfFGiQarYu2f.36","action":"Commit.Autofill Profiles", "result":"Success", "context":{"id":"cc55d836-a2e4-44ba-92c9-b88cbb28d59e", "isDeleted":"true", "size":"0", "version":"1741971542544"}}
{"logTime": "0405/043414", "correlationVector":"NbOwozd4ivMfFGiQarYu2f.37","action":"Commit.Autofill Profiles", "result":"Success", "context":{"id":"6c72216f-6b6e-4e43-9f4d-c013011a0cd4", "isDeleted":"true", "size":"0", "version":"1741971542545"}}
{"logTime": "0405/043414", "correlationVector":"NbOwozd4ivMfFGiQarYu2f.38","action":"Commit.Autofill Profiles", "result":"Success", "context":{"id":"bb4e24ee-07bf-489a-8857-47b0c3fffbd5", "isDeleted":"true", "size":"0", "version":"1741971542546"}}
{"logTime": "0405/043414", "correlationVector":"NbOwozd4ivMfFGiQarYu2f.39","action":"Commit.Autofill Profiles", "result":"Success", "context":{"id":"55cec01b-7a54-4b72-8e22-c8c21fc2668f", "isDeleted":"true", "size":"0", "version":"1741971542547"}}
{"logTime": "0405/043414", "correlationVector":"NbOwozd4ivMfFGiQarYu2f.40","action":"Commit.Autofill Profiles", "result":"Success", "context":{"id":"1e882ef3-24db-4a72-8c27-7e4881a134a0", "isDeleted":"true", "size":"0", "version":"1741971542548"}}
{"logTime": "0405/043414", "correlationVector":"NbOwozd4ivMfFGiQarYu2f.41","action":"Commit.Autofill Profiles", "result":"Success", "context":{"id":"2bf11b61-154b-4878-ac77-26ca123ea336", "isDeleted":"true", "size":"0", "version":"1741971542549"}}
{"logTime": "0405/043414", "correlationVector":"NbOwozd4ivMfFGiQarYu2f.42","action":"Commit.Autofill Profiles", "result":"Success", "context":{"id":"905d8886-3748-4178-b568-a69d0cb530fa", "isDeleted":"true", "size":"0", "version":"1741971542550"}}
{"logTime": "0405/043414", "correlationVector":"FIHp/L62j4o/H5rs6xeiM7","action":"Commit Request", "result":"", "context":Item count: 10
Contributing types: Autofill Profiles, Sessions, History}
{"logTime": "0405/043415", "correlationVector":"FIHp/L62j4o/H5rs6xeiM7.1","action":"SyncServerConnectionManagerRequest", "result":"SYNC_SERVER_OK", "context":{"environment":"Prod_southindia_prod-s01-004-apac-southindia", "migrationStage":"NotStarted", "server":"akswtt01100002q"}}
{"logTime": "0405/043415", "correlationVector":"FIHp/L62j4o/H5rs6xeiM7.3","action":"Commit.Autofill Profiles", "result":"Success", "context":{"id":"a2cd7b6a-b250-4b6f-a30f-dafcbe9f6e64", "isDeleted":"true", "size":"0", "version":"1741971542551"}}
{"logTime": "0405/043415", "correlationVector":"FIHp/L62j4o/H5rs6xeiM7.2","action":"Commit Response", "result":"Success", "context":Result: Success. cV=FIHp/L62j4o/H5rs6xeiM7.0;server=akswtt01100002q;cloudType=Consumer;environment=Prod_southindia_prod-s01-004-apac-southindia;migrationStage=NotStarted}
{"logTime": "0405/043415", "correlationVector":"FIHp/L62j4o/H5rs6xeiM7.4","action":"Commit.Autofill Profiles", "result":"Success", "context":{"id":"a8eea4ab-c56a-4e22-b89e-9fe4a0c2619c", "isDeleted":"true", "size":"0", "version":"1741971542552"}}
{"logTime": "0405/043415", "correlationVector":"FIHp/L62j4o/H5rs6xeiM7.5","action":"Commit.Autofill Profiles", "result":"Success", "context":{"id":"06c3c14a-bfd6-44f7-9f84-7934e772c9de", "isDeleted":"true", "size":"0", "version":"1741971542553"}}
{"logTime": "0405/043415", "correlationVector":"FIHp/L62j4o/H5rs6xeiM7.6","action":"Commit.Autofill Profiles", "result":"Success", "context":{"id":"cf0a548c-d8ef-4a28-b2c5-cf77124c415a", "isDeleted":"true", "size":"0", "version":"1741971542554"}}
{"logTime": "0405/043415", "correlationVector":"FIHp/L62j4o/H5rs6xeiM7.7","action":"Commit.Autofill Profiles", "result":"Success", "context":{"id":"6c300c44-3a21-42fd-9695-e1d795b5243f", "isDeleted":"true", "size":"0", "version":"1741971542555"}}
{"logTime": "0405/043415", "correlationVector":"FIHp/L62j4o/H5rs6xeiM7.8","action":"Commit.Autofill Profiles", "result":"Success", "context":{"id":"5215ad03-4643-49d6-90cb-4caaa1eddce0", "isDeleted":"true", "size":"0", "version":"1741971542556"}}
{"logTime": "0405/043415", "correlationVector":"FIHp/L62j4o/H5rs6xeiM7.9","action":"Commit.Autofill Profiles", "result":"Success", "context":{"id":"4dbdc08d-e105-4a57-ba6a-81775063fd52", "isDeleted":"true", "size":"0", "version":"1741971542557"}}
